Build started 29/03/2014 1:30:27 AM.
     1>Project "C:\Users\Tory lappy\Desktop\Aquariuos\Aquarius\GOOD COPY - DONT CHANGE\Project5.vcxproj" on node 2 (Build target(s)).
     1>ClCompile:
         C:\Program Files (x86)\Microsoft Visual Studio 12.0\VC\bin\CL.exe /c /AI"C:\Program Files (x86)\Reference Assemblies\Microsoft\Framework\.NETFramework\v4.5\\" /AI"C:\Program Files (x86)\Windows Kits\8.1\References\CommonConfiguration\Neutral" /AI"C:\Program Files (x86)\Reference Assemblies\Microsoft\Framework\.NETFramework\v4.5\Facades\\" /Zi /clr /nologo /W3 /WX- /Od /Oy- /D WIN32 /D _DEBUG /D _UNICODE /D UNICODE /EHa /MDd /GS /fp:precise /Zc:wchar_t /Zc:forScope /Fo"Debug\\" /Fd"Debug\vc120.pdb" /TP /FU"C:\Program Files (x86)\Reference Assemblies\Microsoft\Framework\.NETFramework\v4.5\mscorlib.dll" /FU"C:\Program Files (x86)\Reference Assemblies\Microsoft\Framework\.NETFramework\v4.5\System.Data.dll" /FU"C:\Program Files (x86)\Reference Assemblies\Microsoft\Framework\.NETFramework\v4.5\System.dll" /FU"C:\Program Files (x86)\Reference Assemblies\Microsoft\Framework\.NETFramework\v4.5\System.Drawing.dll" /FU"C:\Program Files (x86)\Reference Assemblies\Microsoft\Framework\.NETFramework\v4.5\System.Windows.Forms.dll" /FU"C:\Program Files (x86)\Reference Assemblies\Microsoft\Framework\.NETFramework\v4.5\System.Xml.dll" /analyze- /errorReport:prompt /clr:nostdlib Abilities.cpp AbilitiesTable.cpp Items.cpp
         Abilities.cpp
     1>c:\users\tory lappy\desktop\aquariuos\aquarius\good copy - dont change\Abilities.h(96): warning C4677: 'abilitytables': signature of non-private member contains assembly private type 'cliext::vector<AbilitiesTable::AbilitiesTableForm ^>'
         AbilitiesTable.cpp
     1>AbilitiesTable.cpp(58): warning C4244: 'argument' : conversion from 'int' to 'float', possible loss of data
         Items.cpp
     1>c:\users\tory lappy\desktop\aquariuos\aquarius\good copy - dont change\Abilities.h(96): warning C4677: 'abilitytables': signature of non-private member contains assembly private type 'cliext::vector<AbilitiesTable::AbilitiesTableForm ^>'
     1>c:\users\tory lappy\desktop\aquariuos\aquarius\good copy - dont change\MyForm.h(20): warning C4018: '<' : signed/unsigned mismatch
     1>c:\users\tory lappy\desktop\aquariuos\aquarius\good copy - dont change\MyForm.h(2784): warning C4244: 'argument' : conversion from 'time_t' to 'unsigned int', possible loss of data
     1>c:\users\tory lappy\desktop\aquariuos\aquarius\good copy - dont change\MyForm.h(2893): warning C4018: '<' : signed/unsigned mismatch
         Generating Code...
       Link:
         C:\Program Files (x86)\Microsoft Visual Studio 12.0\VC\bin\link.exe /ERRORREPORT:PROMPT /OUT:"C:\Users\Tory lappy\Desktop\Aquariuos\Aquarius\GOOD COPY - DONT CHANGE\Debug\FormsWORKbro.exe" /INCREMENTAL /NOLOGO /ASSEMBLYRESOURCE:Debug\Project5.AbilitiesTable.resources /ASSEMBLYRESOURCE:Debug\Project5.MyForm.resources /MANIFEST /MANIFESTUAC:"level='asInvoker' uiAccess='false'" /manifest:embed /DEBUG /PDB:"C:\Users\Tory lappy\Desktop\Aquariuos\Aquarius\GOOD COPY - DONT CHANGE\Debug\FormsWORKbro.pdb" /ASSEMBLYDEBUG /SUBSYSTEM:WINDOWS /TLBID:1 /ENTRY:"Main" /DYNAMICBASE /FIXED:NO /NXCOMPAT /MACHINE:X86 Debug\Abilities.obj
         Debug\AbilitiesTable.obj
         Debug\Character.obj
         Debug\Items.obj
         Debug\MyForm.obj
         Debug\XMLParser.obj
         "Debug\.NETFramework,Version=v4.5.AssemblyAttributes.obj"
         Project5.vcxproj -> C:\Users\Tory lappy\Desktop\Aquariuos\Aquarius\GOOD COPY - DONT CHANGE\Debug\FormsWORKbro.exe
     1>Done Building Project "C:\Users\Tory lappy\Desktop\Aquariuos\Aquarius\GOOD COPY - DONT CHANGE\Project5.vcxproj" (Build target(s)).

Build succeeded.

Time Elapsed 00:00:05.28
