c:\users\tory lappy\desktop\aquariuos\aquarius\good copy - dont change\debug\vc120.pdb
c:\users\tory lappy\desktop\aquariuos\aquarius\good copy - dont change\debug\xmlparser.obj
c:\users\tory lappy\desktop\aquariuos\aquarius\good copy - dont change\debug\myform.obj
c:\users\tory lappy\desktop\aquariuos\aquarius\good copy - dont change\debug\character.obj
c:\users\tory lappy\desktop\aquariuos\aquarius\good copy - dont change\debug\abilitiestable.obj
c:\users\tory lappy\desktop\aquariuos\aquarius\good copy - dont change\debug\abilities.obj
c:\users\tory lappy\desktop\aquariuos\aquarius\good copy - dont change\debug\items.obj
c:\users\tory lappy\desktop\aquariuos\aquarius\good copy - dont change\debug\.netframework,version=v4.5.assemblyattributes.obj
c:\users\tory lappy\desktop\aquariuos\aquarius\good copy - dont change\debug\project5.abilitiestable.resources
c:\users\tory lappy\desktop\aquariuos\aquarius\good copy - dont change\debug\project5.myform.resources
c:\users\tory lappy\desktop\aquariuos\aquarius\good copy - dont change\debug\formsworkbro.exe
c:\users\tory lappy\desktop\aquariuos\aquarius\good copy - dont change\debug\formsworkbro.pdb
c:\users\tory lappy\desktop\aquariuos\aquarius\good copy - dont change\debug\project5.vcxproj.generateresource.cache
c:\users\tory lappy\desktop\aquariuos\aquarius\good copy - dont change\debug\project5.vcxprojresolveassemblyreference.cache
c:\users\tory lappy\desktop\aquariuos\aquarius\good copy - dont change\debug\formsworkbro.exe.metagen
c:\users\tory lappy\desktop\aquariuos\aquarius\good copy - dont change\debug\formsworkbro.tlog\cl.command.1.tlog
c:\users\tory lappy\desktop\aquariuos\aquarius\good copy - dont change\debug\formsworkbro.tlog\cl.read.1.tlog
c:\users\tory lappy\desktop\aquariuos\aquarius\good copy - dont change\debug\formsworkbro.tlog\cl.write.1.tlog
c:\users\tory lappy\desktop\aquariuos\aquarius\good copy - dont change\debug\formsworkbro.tlog\formsworkbro.write.1u.tlog
c:\users\tory lappy\desktop\aquariuos\aquarius\good copy - dont change\debug\formsworkbro.tlog\link.command.1.tlog
c:\users\tory lappy\desktop\aquariuos\aquarius\good copy - dont change\debug\formsworkbro.tlog\link.read.1.tlog
c:\users\tory lappy\desktop\aquariuos\aquarius\good copy - dont change\debug\formsworkbro.tlog\link.write.1.tlog
c:\users\tory lappy\desktop\aquariuos\aquarius\good copy - dont change\debug\formsworkbro.tlog\metagen.read.1.tlog
c:\users\tory lappy\desktop\aquariuos\aquarius\good copy - dont change\debug\formsworkbro.tlog\metagen.write.1.tlog
c:\users\tory lappy\desktop\aquariuos\aquarius\good copy - dont change\debug\formsworkbro.tlog\rsaenh.dll.bi
c:\users\tory lappy\desktop\aquariuos\aquarius\good copy - dont change\debug\formsworkbro.tlog\tzres.dll.bi
